2025-11-09 00:44:00.770 - RealTimeSTT: realtimestt - INFO - Starting RealTimeSTT
2025-11-09 00:44:00.775 - RealTimeSTT: realtimestt - INFO - Initializing audio recording (creating pyAudio input stream, sample rate: 16000 buffer size: 512
2025-11-09 00:44:00.779 - RealTimeSTT: realtimestt - INFO - Initializing WebRTC voice with Sensitivity 3
2025-11-09 00:44:00.779 - RealTimeSTT: realtimestt - DEBUG - WebRTC VAD voice activity detection engine initialized successfully
2025-11-09 00:44:02.237 - RealTimeSTT: realtimestt - DEBUG - Silero VAD voice activity detection engine initialized successfully
2025-11-09 00:44:02.238 - RealTimeSTT: realtimestt - DEBUG - Starting realtime worker
2025-11-09 00:44:02.238 - RealTimeSTT: realtimestt - DEBUG - Waiting for main transcription model to start
2025-11-09 00:44:06.162 - RealTimeSTT: realtimestt - DEBUG - Main transcription model ready
2025-11-09 00:44:06.163 - RealTimeSTT: realtimestt - DEBUG - RealtimeSTT initialization completed successfully
2025-11-09 00:44:07.076 - RealTimeSTT: realtimestt - INFO - Setting listen time
2025-11-09 00:44:07.076 - RealTimeSTT: realtimestt - INFO - State changed from 'inactive' to 'listening'
2025-11-09 00:44:07.078 - RealTimeSTT: realtimestt - DEBUG - Waiting for recording start
2025-11-09 00:44:08.376 - RealTimeSTT: realtimestt - INFO - voice activity detected
2025-11-09 00:44:08.377 - RealTimeSTT: realtimestt - INFO - recording started
2025-11-09 00:44:08.377 - RealTimeSTT: realtimestt - INFO - State changed from 'listening' to 'recording'
2025-11-09 00:44:08.377 - RealTimeSTT: realtimestt - DEBUG - Waiting for recording stop
2025-11-09 00:44:09.527 - RealTimeSTT: realtimestt - INFO - recording stopped
2025-11-09 00:44:09.527 - RealTimeSTT: realtimestt - DEBUG - No samples removed, final audio length: 34816
2025-11-09 00:44:09.527 - RealTimeSTT: realtimestt - INFO - State changed from 'recording' to 'inactive'
2025-11-09 00:44:09.586 - RealTimeSTT: realtimestt - INFO - State changed from 'inactive' to 'transcribing'
2025-11-09 00:44:09.588 - RealTimeSTT: realtimestt - DEBUG - Adding transcription request, no early transcription started
2025-11-09 00:44:09.589 - RealTimeSTT: realtimestt - DEBUG - Receive from parent_transcription_pipe after sendiung transcription request, transcribe_count: 1
2025-11-09 00:44:09.695 - RealTimeSTT: realtimestt - DEBUG - Receive from parent_transcription_pipe after sendiung transcription request, transcribe_count: 1
2025-11-09 00:44:09.805 - RealTimeSTT: realtimestt - DEBUG - Receive from parent_transcription_pipe after sendiung transcription request, transcribe_count: 1
2025-11-09 00:44:09.915 - RealTimeSTT: realtimestt - DEBUG - Receive from parent_transcription_pipe after sendiung transcription request, transcribe_count: 1
2025-11-09 00:44:09.996 - RealTimeSTT: realtimestt - INFO - State changed from 'transcribing' to 'inactive'
2025-11-09 00:44:10.042 - RealTimeSTT: realtimestt - DEBUG - Model tiny completed transcription in 0.45 seconds
2025-11-09 00:44:10.043 - RealTimeSTT: realtimestt - INFO - Setting listen time
2025-11-09 00:44:10.043 - RealTimeSTT: realtimestt - INFO - State changed from 'inactive' to 'listening'
2025-11-09 00:44:10.044 - RealTimeSTT: realtimestt - DEBUG - Waiting for recording start
2025-11-09 00:44:15.736 - RealTimeSTT: realtimestt - INFO - voice activity detected
2025-11-09 00:44:15.737 - RealTimeSTT: realtimestt - INFO - recording started
2025-11-09 00:44:15.737 - RealTimeSTT: realtimestt - INFO - State changed from 'listening' to 'recording'
2025-11-09 00:44:15.737 - RealTimeSTT: realtimestt - DEBUG - Waiting for recording stop
2025-11-09 00:44:17.847 - RealTimeSTT: realtimestt - INFO - recording stopped
2025-11-09 00:44:17.847 - RealTimeSTT: realtimestt - DEBUG - No samples removed, final audio length: 50176
2025-11-09 00:44:17.847 - RealTimeSTT: realtimestt - INFO - State changed from 'recording' to 'inactive'
2025-11-09 00:44:17.914 - RealTimeSTT: realtimestt - INFO - State changed from 'inactive' to 'transcribing'
2025-11-09 00:44:17.915 - RealTimeSTT: realtimestt - DEBUG - Adding transcription request, no early transcription started
2025-11-09 00:44:17.916 - RealTimeSTT: realtimestt - DEBUG - Receive from parent_transcription_pipe after sendiung transcription request, transcribe_count: 1
2025-11-09 00:44:18.019 - RealTimeSTT: realtimestt - DEBUG - Receive from parent_transcription_pipe after sendiung transcription request, transcribe_count: 1
2025-11-09 00:44:18.129 - RealTimeSTT: realtimestt - DEBUG - Receive from parent_transcription_pipe after sendiung transcription request, transcribe_count: 1
2025-11-09 00:44:18.239 - RealTimeSTT: realtimestt - DEBUG - Receive from parent_transcription_pipe after sendiung transcription request, transcribe_count: 1
2025-11-09 00:44:18.336 - RealTimeSTT: realtimestt - INFO - State changed from 'transcribing' to 'inactive'
2025-11-09 00:44:18.370 - RealTimeSTT: realtimestt - DEBUG - Model tiny completed transcription in 0.45 seconds
2025-11-09 00:44:18.371 - RealTimeSTT: realtimestt - INFO - Setting listen time
2025-11-09 00:44:18.371 - RealTimeSTT: realtimestt - INFO - State changed from 'inactive' to 'listening'
2025-11-09 00:44:18.372 - RealTimeSTT: realtimestt - DEBUG - Waiting for recording start
2025-11-09 00:44:20.347 - RealTimeSTT: realtimestt - INFO - voice activity detected
2025-11-09 00:44:20.347 - RealTimeSTT: realtimestt - INFO - recording started
2025-11-09 00:44:20.347 - RealTimeSTT: realtimestt - INFO - State changed from 'listening' to 'recording'
2025-11-09 00:44:20.347 - RealTimeSTT: realtimestt - DEBUG - Waiting for recording stop
2025-11-09 00:44:21.756 - RealTimeSTT: realtimestt - INFO - recording stopped
2025-11-09 00:44:21.757 - RealTimeSTT: realtimestt - DEBUG - No samples removed, final audio length: 38912
2025-11-09 00:44:21.757 - RealTimeSTT: realtimestt - INFO - State changed from 'recording' to 'inactive'
2025-11-09 00:44:21.782 - RealTimeSTT: realtimestt - INFO - State changed from 'inactive' to 'transcribing'
2025-11-09 00:44:21.784 - RealTimeSTT: realtimestt - DEBUG - Adding transcription request, no early transcription started
2025-11-09 00:44:21.789 - RealTimeSTT: realtimestt - DEBUG - Receive from parent_transcription_pipe after sendiung transcription request, transcribe_count: 1
2025-11-09 00:44:21.895 - RealTimeSTT: realtimestt - DEBUG - Receive from parent_transcription_pipe after sendiung transcription request, transcribe_count: 1
2025-11-09 00:44:22.005 - RealTimeSTT: realtimestt - DEBUG - Receive from parent_transcription_pipe after sendiung transcription request, transcribe_count: 1
2025-11-09 00:44:22.115 - RealTimeSTT: realtimestt - DEBUG - Receive from parent_transcription_pipe after sendiung transcription request, transcribe_count: 1
2025-11-09 00:44:22.206 - RealTimeSTT: realtimestt - INFO - State changed from 'transcribing' to 'inactive'
2025-11-09 00:44:22.239 - RealTimeSTT: realtimestt - DEBUG - Model tiny completed transcription in 0.45 seconds
2025-11-09 00:44:22.239 - RealTimeSTT: realtimestt - INFO - Setting listen time
2025-11-09 00:44:22.239 - RealTimeSTT: realtimestt - INFO - State changed from 'inactive' to 'listening'
2025-11-09 00:44:22.241 - RealTimeSTT: realtimestt - DEBUG - Waiting for recording start
2025-11-09 00:44:23.227 - RealTimeSTT: realtimestt - INFO - voice activity detected
2025-11-09 00:44:23.227 - RealTimeSTT: realtimestt - INFO - recording started
2025-11-09 00:44:23.227 - RealTimeSTT: realtimestt - INFO - State changed from 'listening' to 'recording'
2025-11-09 00:44:23.227 - RealTimeSTT: realtimestt - DEBUG - Waiting for recording stop
2025-11-09 00:44:24.376 - RealTimeSTT: realtimestt - INFO - recording stopped
2025-11-09 00:44:24.377 - RealTimeSTT: realtimestt - DEBUG - No samples removed, final audio length: 34816
2025-11-09 00:44:24.377 - RealTimeSTT: realtimestt - INFO - State changed from 'recording' to 'inactive'
2025-11-09 00:44:24.449 - RealTimeSTT: realtimestt - INFO - State changed from 'inactive' to 'transcribing'
2025-11-09 00:44:24.451 - RealTimeSTT: realtimestt - DEBUG - Adding transcription request, no early transcription started
2025-11-09 00:44:24.452 - RealTimeSTT: realtimestt - DEBUG - Receive from parent_transcription_pipe after sendiung transcription request, transcribe_count: 1
2025-11-09 00:44:24.557 - RealTimeSTT: realtimestt - DEBUG - Receive from parent_transcription_pipe after sendiung transcription request, transcribe_count: 1
2025-11-09 00:44:24.668 - RealTimeSTT: realtimestt - DEBUG - Receive from parent_transcription_pipe after sendiung transcription request, transcribe_count: 1
2025-11-09 00:44:24.778 - RealTimeSTT: realtimestt - DEBUG - Receive from parent_transcription_pipe after sendiung transcription request, transcribe_count: 1
2025-11-09 00:44:24.853 - RealTimeSTT: realtimestt - INFO - State changed from 'transcribing' to 'inactive'
2025-11-09 00:44:24.854 - RealTimeSTT: realtimestt - DEBUG - Model tiny completed transcription in 0.40 seconds
2025-11-09 00:44:24.855 - RealTimeSTT: realtimestt - INFO - Setting listen time
2025-11-09 00:44:24.855 - RealTimeSTT: realtimestt - INFO - State changed from 'inactive' to 'listening'
2025-11-09 00:44:24.856 - RealTimeSTT: realtimestt - DEBUG - Waiting for recording start
2025-11-09 00:44:40.430 - RealTimeSTT: realtimestt - DEBUG - Receive from stdout pipe
2025-11-09 00:44:40.430 - RealTimeSTT: realtimestt - INFO - None
2025-11-09 00:49:57.985 - RealTimeSTT: realtimestt - INFO - Starting RealTimeSTT
2025-11-09 00:49:57.990 - RealTimeSTT: realtimestt - INFO - Initializing audio recording (creating pyAudio input stream, sample rate: 16000 buffer size: 512
2025-11-09 00:49:57.994 - RealTimeSTT: realtimestt - INFO - Initializing WebRTC voice with Sensitivity 3
2025-11-09 00:49:57.994 - RealTimeSTT: realtimestt - DEBUG - WebRTC VAD voice activity detection engine initialized successfully
2025-11-09 00:49:59.465 - RealTimeSTT: realtimestt - DEBUG - Silero VAD voice activity detection engine initialized successfully
2025-11-09 00:49:59.466 - RealTimeSTT: realtimestt - DEBUG - Starting realtime worker
2025-11-09 00:49:59.466 - RealTimeSTT: realtimestt - DEBUG - Waiting for main transcription model to start
2025-11-09 00:50:03.220 - RealTimeSTT: realtimestt - DEBUG - Main transcription model ready
2025-11-09 00:50:03.221 - RealTimeSTT: realtimestt - DEBUG - RealtimeSTT initialization completed successfully
2025-11-09 00:50:04.190 - RealTimeSTT: realtimestt - INFO - Setting listen time
2025-11-09 00:50:04.191 - RealTimeSTT: realtimestt - INFO - State changed from 'inactive' to 'listening'
2025-11-09 00:50:04.192 - RealTimeSTT: realtimestt - DEBUG - Waiting for recording start
2025-11-09 00:50:25.096 - RealTimeSTT: realtimestt - INFO - Starting RealTimeSTT
2025-11-09 00:50:25.102 - RealTimeSTT: realtimestt - INFO - Initializing audio recording (creating pyAudio input stream, sample rate: 16000 buffer size: 512
2025-11-09 00:50:25.105 - RealTimeSTT: realtimestt - INFO - Initializing WebRTC voice with Sensitivity 3
2025-11-09 00:50:25.105 - RealTimeSTT: realtimestt - DEBUG - WebRTC VAD voice activity detection engine initialized successfully
2025-11-09 00:50:26.334 - RealTimeSTT: realtimestt - DEBUG - Silero VAD voice activity detection engine initialized successfully
2025-11-09 00:50:26.335 - RealTimeSTT: realtimestt - DEBUG - Starting realtime worker
2025-11-09 00:50:26.335 - RealTimeSTT: realtimestt - DEBUG - Waiting for main transcription model to start
2025-11-09 00:50:30.082 - RealTimeSTT: realtimestt - DEBUG - Main transcription model ready
2025-11-09 00:50:30.083 - RealTimeSTT: realtimestt - DEBUG - RealtimeSTT initialization completed successfully
2025-11-09 00:50:30.974 - RealTimeSTT: realtimestt - INFO - Setting listen time
2025-11-09 00:50:30.975 - RealTimeSTT: realtimestt - INFO - State changed from 'inactive' to 'listening'
2025-11-09 00:50:30.977 - RealTimeSTT: realtimestt - DEBUG - Waiting for recording start
2025-11-09 00:50:35.594 - RealTimeSTT: realtimestt - DEBUG - Receive from stdout pipe
2025-11-09 00:50:35.595 - RealTimeSTT: realtimestt - INFO - None
2025-11-09 00:50:54.917 - RealTimeSTT: realtimestt - INFO - Starting RealTimeSTT
2025-11-09 00:50:54.922 - RealTimeSTT: realtimestt - INFO - Initializing audio recording (creating pyAudio input stream, sample rate: 16000 buffer size: 512
2025-11-09 00:50:54.927 - RealTimeSTT: realtimestt - INFO - Initializing WebRTC voice with Sensitivity 3
2025-11-09 00:50:54.927 - RealTimeSTT: realtimestt - DEBUG - WebRTC VAD voice activity detection engine initialized successfully
2025-11-09 00:50:56.404 - RealTimeSTT: realtimestt - DEBUG - Silero VAD voice activity detection engine initialized successfully
2025-11-09 00:50:56.405 - RealTimeSTT: realtimestt - DEBUG - Starting realtime worker
2025-11-09 00:50:56.405 - RealTimeSTT: realtimestt - DEBUG - Waiting for main transcription model to start
2025-11-09 00:51:00.155 - RealTimeSTT: realtimestt - DEBUG - Main transcription model ready
2025-11-09 00:51:00.156 - RealTimeSTT: realtimestt - DEBUG - RealtimeSTT initialization completed successfully
2025-11-09 00:51:01.090 - RealTimeSTT: realtimestt - INFO - Setting listen time
2025-11-09 00:51:01.090 - RealTimeSTT: realtimestt - INFO - State changed from 'inactive' to 'listening'
2025-11-09 00:51:01.092 - RealTimeSTT: realtimestt - DEBUG - Waiting for recording start
2025-11-09 00:51:02.661 - RealTimeSTT: realtimestt - DEBUG - Receive from stdout pipe
2025-11-09 00:51:02.661 - RealTimeSTT: realtimestt - INFO - None
2025-11-09 01:01:33.469 - RealTimeSTT: realtimestt - INFO - Starting RealTimeSTT
2025-11-09 01:01:33.478 - RealTimeSTT: realtimestt - INFO - Initializing audio recording (creating pyAudio input stream, sample rate: 16000 buffer size: 512
2025-11-09 01:01:33.481 - RealTimeSTT: realtimestt - INFO - Initializing WebRTC voice with Sensitivity 3
2025-11-09 01:01:33.481 - RealTimeSTT: realtimestt - DEBUG - WebRTC VAD voice activity detection engine initialized successfully
2025-11-09 01:01:35.073 - RealTimeSTT: realtimestt - DEBUG - Silero VAD voice activity detection engine initialized successfully
2025-11-09 01:01:35.074 - RealTimeSTT: realtimestt - DEBUG - Starting realtime worker
2025-11-09 01:01:35.074 - RealTimeSTT: realtimestt - DEBUG - Waiting for main transcription model to start
2025-11-09 01:01:39.179 - RealTimeSTT: realtimestt - DEBUG - Main transcription model ready
2025-11-09 01:01:39.180 - RealTimeSTT: realtimestt - DEBUG - RealtimeSTT initialization completed successfully
2025-11-09 01:01:40.202 - RealTimeSTT: realtimestt - INFO - Setting listen time
2025-11-09 01:01:40.202 - RealTimeSTT: realtimestt - INFO - State changed from 'inactive' to 'listening'
2025-11-09 01:01:40.205 - RealTimeSTT: realtimestt - DEBUG - Waiting for recording start
2025-11-09 01:03:51.350 - RealTimeSTT: realtimestt - INFO - voice activity detected
2025-11-09 01:03:51.350 - RealTimeSTT: realtimestt - INFO - recording started
2025-11-09 01:03:51.350 - RealTimeSTT: realtimestt - INFO - State changed from 'listening' to 'recording'
2025-11-09 01:03:51.350 - RealTimeSTT: realtimestt - DEBUG - Waiting for recording stop
2025-11-09 01:03:52.509 - RealTimeSTT: realtimestt - INFO - recording stopped
2025-11-09 01:03:52.510 - RealTimeSTT: realtimestt - DEBUG - No samples removed, final audio length: 34816
2025-11-09 01:03:52.510 - RealTimeSTT: realtimestt - INFO - State changed from 'recording' to 'inactive'
2025-11-09 01:03:52.537 - RealTimeSTT: realtimestt - INFO - State changed from 'inactive' to 'transcribing'
2025-11-09 01:03:52.538 - RealTimeSTT: realtimestt - DEBUG - Adding transcription request, no early transcription started
2025-11-09 01:03:52.544 - RealTimeSTT: realtimestt - DEBUG - Receive from parent_transcription_pipe after sendiung transcription request, transcribe_count: 1
2025-11-09 01:03:52.649 - RealTimeSTT: realtimestt - DEBUG - Receive from parent_transcription_pipe after sendiung transcription request, transcribe_count: 1
2025-11-09 01:03:52.759 - RealTimeSTT: realtimestt - DEBUG - Receive from parent_transcription_pipe after sendiung transcription request, transcribe_count: 1
2025-11-09 01:03:52.869 - RealTimeSTT: realtimestt - DEBUG - Receive from parent_transcription_pipe after sendiung transcription request, transcribe_count: 1
2025-11-09 01:03:52.978 - RealTimeSTT: realtimestt - DEBUG - Receive from parent_transcription_pipe after sendiung transcription request, transcribe_count: 1
2025-11-09 01:03:52.994 - RealTimeSTT: realtimestt - INFO - State changed from 'transcribing' to 'inactive'
2025-11-09 01:03:53.043 - RealTimeSTT: realtimestt - DEBUG - Model tiny completed transcription in 0.51 seconds
2025-11-09 01:03:53.044 - RealTimeSTT: realtimestt - INFO - Setting listen time
2025-11-09 01:03:53.044 - RealTimeSTT: realtimestt - INFO - State changed from 'inactive' to 'listening'
2025-11-09 01:03:53.045 - RealTimeSTT: realtimestt - DEBUG - Waiting for recording start
2025-11-09 01:04:13.682 - RealTimeSTT: realtimestt - INFO - Starting RealTimeSTT
2025-11-09 01:04:13.690 - RealTimeSTT: realtimestt - INFO - Initializing audio recording (creating pyAudio input stream, sample rate: 16000 buffer size: 512
2025-11-09 01:04:13.693 - RealTimeSTT: realtimestt - INFO - Initializing WebRTC voice with Sensitivity 3
2025-11-09 01:04:13.693 - RealTimeSTT: realtimestt - DEBUG - WebRTC VAD voice activity detection engine initialized successfully
2025-11-09 01:04:14.103 - RealTimeSTT: realtimestt - DEBUG - Silero VAD voice activity detection engine initialized successfully
2025-11-09 01:04:14.104 - RealTimeSTT: realtimestt - DEBUG - Starting realtime worker
2025-11-09 01:04:14.104 - RealTimeSTT: realtimestt - DEBUG - Waiting for main transcription model to start
2025-11-09 01:04:17.635 - RealTimeSTT: realtimestt - DEBUG - Main transcription model ready
2025-11-09 01:04:17.635 - RealTimeSTT: realtimestt - DEBUG - RealtimeSTT initialization completed successfully
2025-11-09 01:04:18.576 - RealTimeSTT: realtimestt - INFO - Setting listen time
2025-11-09 01:04:18.576 - RealTimeSTT: realtimestt - INFO - State changed from 'inactive' to 'listening'
2025-11-09 01:04:18.577 - RealTimeSTT: realtimestt - DEBUG - Waiting for recording start
2025-11-09 01:04:19.622 - RealTimeSTT: realtimestt - INFO - voice activity detected
2025-11-09 01:04:19.622 - RealTimeSTT: realtimestt - INFO - recording started
2025-11-09 01:04:19.622 - RealTimeSTT: realtimestt - INFO - State changed from 'listening' to 'recording'
2025-11-09 01:04:19.623 - RealTimeSTT: realtimestt - DEBUG - Waiting for recording stop
2025-11-09 01:04:20.772 - RealTimeSTT: realtimestt - INFO - recording stopped
2025-11-09 01:04:20.772 - RealTimeSTT: realtimestt - DEBUG - No samples removed, final audio length: 34816
2025-11-09 01:04:20.772 - RealTimeSTT: realtimestt - INFO - State changed from 'recording' to 'inactive'
2025-11-09 01:04:20.835 - RealTimeSTT: realtimestt - INFO - State changed from 'inactive' to 'transcribing'
2025-11-09 01:04:20.836 - RealTimeSTT: realtimestt - DEBUG - Adding transcription request, no early transcription started
2025-11-09 01:04:20.838 - RealTimeSTT: realtimestt - DEBUG - Receive from parent_transcription_pipe after sendiung transcription request, transcribe_count: 1
2025-11-09 01:04:20.942 - RealTimeSTT: realtimestt - DEBUG - Receive from parent_transcription_pipe after sendiung transcription request, transcribe_count: 1
2025-11-09 01:04:21.052 - RealTimeSTT: realtimestt - DEBUG - Receive from parent_transcription_pipe after sendiung transcription request, transcribe_count: 1
2025-11-09 01:04:21.162 - RealTimeSTT: realtimestt - DEBUG - Receive from parent_transcription_pipe after sendiung transcription request, transcribe_count: 1
2025-11-09 01:04:21.272 - RealTimeSTT: realtimestt - DEBUG - Receive from parent_transcription_pipe after sendiung transcription request, transcribe_count: 1
2025-11-09 01:04:21.294 - RealTimeSTT: realtimestt - INFO - State changed from 'transcribing' to 'inactive'
2025-11-09 01:04:21.343 - RealTimeSTT: realtimestt - DEBUG - Model tiny completed transcription in 0.51 seconds
2025-11-09 01:04:21.344 - RealTimeSTT: realtimestt - INFO - Setting listen time
2025-11-09 01:04:21.344 - RealTimeSTT: realtimestt - INFO - State changed from 'inactive' to 'listening'
2025-11-09 01:04:21.345 - RealTimeSTT: realtimestt - DEBUG - Waiting for recording start
2025-11-09 01:04:31.798 - RealTimeSTT: realtimestt - DEBUG - Receive from stdout pipe
2025-11-09 01:04:31.798 - RealTimeSTT: realtimestt - INFO - None
2025-11-09 01:04:50.364 - RealTimeSTT: realtimestt - INFO - Starting RealTimeSTT
2025-11-09 01:04:50.372 - RealTimeSTT: realtimestt - INFO - Initializing audio recording (creating pyAudio input stream, sample rate: 16000 buffer size: 512
2025-11-09 01:04:50.375 - RealTimeSTT: realtimestt - INFO - Initializing WebRTC voice with Sensitivity 3
2025-11-09 01:04:50.375 - RealTimeSTT: realtimestt - DEBUG - WebRTC VAD voice activity detection engine initialized successfully
2025-11-09 01:04:50.784 - RealTimeSTT: realtimestt - DEBUG - Silero VAD voice activity detection engine initialized successfully
2025-11-09 01:04:50.785 - RealTimeSTT: realtimestt - DEBUG - Starting realtime worker
2025-11-09 01:04:50.785 - RealTimeSTT: realtimestt - DEBUG - Waiting for main transcription model to start
2025-11-09 01:04:53.984 - RealTimeSTT: realtimestt - DEBUG - Main transcription model ready
2025-11-09 01:04:53.984 - RealTimeSTT: realtimestt - DEBUG - RealtimeSTT initialization completed successfully
2025-11-09 01:04:54.918 - RealTimeSTT: realtimestt - INFO - Setting listen time
2025-11-09 01:04:54.918 - RealTimeSTT: realtimestt - INFO - State changed from 'inactive' to 'listening'
2025-11-09 01:04:54.920 - RealTimeSTT: realtimestt - DEBUG - Waiting for recording start
2025-11-09 01:05:13.091 - RealTimeSTT: realtimestt - INFO - Starting RealTimeSTT
2025-11-09 01:05:13.098 - RealTimeSTT: realtimestt - INFO - Initializing audio recording (creating pyAudio input stream, sample rate: 16000 buffer size: 512
2025-11-09 01:05:13.101 - RealTimeSTT: realtimestt - INFO - Initializing WebRTC voice with Sensitivity 3
2025-11-09 01:05:13.101 - RealTimeSTT: realtimestt - DEBUG - WebRTC VAD voice activity detection engine initialized successfully
2025-11-09 01:05:13.507 - RealTimeSTT: realtimestt - DEBUG - Silero VAD voice activity detection engine initialized successfully
2025-11-09 01:05:13.508 - RealTimeSTT: realtimestt - DEBUG - Starting realtime worker
2025-11-09 01:05:13.508 - RealTimeSTT: realtimestt - DEBUG - Waiting for main transcription model to start
2025-11-09 12:33:57.514 - RealTimeSTT: realtimestt - INFO - Starting RealTimeSTT
2025-11-09 12:33:57.523 - RealTimeSTT: realtimestt - INFO - Initializing audio recording (creating pyAudio input stream, sample rate: 16000 buffer size: 512
2025-11-09 12:33:57.526 - RealTimeSTT: realtimestt - INFO - Initializing WebRTC voice with Sensitivity 3
2025-11-09 12:33:57.526 - RealTimeSTT: realtimestt - DEBUG - WebRTC VAD voice activity detection engine initialized successfully
2025-11-09 12:33:59.141 - RealTimeSTT: realtimestt - DEBUG - Silero VAD voice activity detection engine initialized successfully
2025-11-09 12:33:59.142 - RealTimeSTT: realtimestt - DEBUG - Starting realtime worker
2025-11-09 12:33:59.142 - RealTimeSTT: realtimestt - DEBUG - Waiting for main transcription model to start
2025-11-09 12:34:03.158 - RealTimeSTT: realtimestt - DEBUG - Main transcription model ready
2025-11-09 12:34:03.159 - RealTimeSTT: realtimestt - DEBUG - RealtimeSTT initialization completed successfully
2025-11-09 12:34:04.262 - RealTimeSTT: realtimestt - INFO - Setting listen time
2025-11-09 12:34:04.262 - RealTimeSTT: realtimestt - INFO - State changed from 'inactive' to 'listening'
2025-11-09 12:34:04.265 - RealTimeSTT: realtimestt - DEBUG - Waiting for recording start
2025-11-09 12:34:11.903 - RealTimeSTT: realtimestt - INFO - voice activity detected
2025-11-09 12:34:11.903 - RealTimeSTT: realtimestt - INFO - recording started
2025-11-09 12:34:11.903 - RealTimeSTT: realtimestt - INFO - State changed from 'listening' to 'recording'
2025-11-09 12:34:11.903 - RealTimeSTT: realtimestt - DEBUG - Waiting for recording stop
2025-11-09 12:34:13.053 - RealTimeSTT: realtimestt - INFO - recording stopped
2025-11-09 12:34:13.054 - RealTimeSTT: realtimestt - DEBUG - No samples removed, final audio length: 34816
2025-11-09 12:34:13.054 - RealTimeSTT: realtimestt - INFO - State changed from 'recording' to 'inactive'
2025-11-09 12:34:13.136 - RealTimeSTT: realtimestt - INFO - State changed from 'inactive' to 'transcribing'
2025-11-09 12:34:13.138 - RealTimeSTT: realtimestt - DEBUG - Adding transcription request, no early transcription started
2025-11-09 12:34:13.138 - RealTimeSTT: realtimestt - DEBUG - Receive from parent_transcription_pipe after sendiung transcription request, transcribe_count: 1
2025-11-09 12:34:13.241 - RealTimeSTT: realtimestt - DEBUG - Receive from parent_transcription_pipe after sendiung transcription request, transcribe_count: 1
2025-11-09 12:34:13.351 - RealTimeSTT: realtimestt - DEBUG - Receive from parent_transcription_pipe after sendiung transcription request, transcribe_count: 1
2025-11-09 12:34:13.461 - RealTimeSTT: realtimestt - DEBUG - Receive from parent_transcription_pipe after sendiung transcription request, transcribe_count: 1
2025-11-09 12:34:13.569 - RealTimeSTT: realtimestt - DEBUG - Receive from parent_transcription_pipe after sendiung transcription request, transcribe_count: 1
2025-11-09 12:34:13.677 - RealTimeSTT: realtimestt - INFO - State changed from 'transcribing' to 'inactive'
2025-11-09 12:34:13.695 - RealTimeSTT: realtimestt - DEBUG - Model tiny completed transcription in 0.56 seconds
2025-11-09 12:34:13.695 - RealTimeSTT: realtimestt - INFO - Setting listen time
2025-11-09 12:34:13.695 - RealTimeSTT: realtimestt - INFO - State changed from 'inactive' to 'listening'
2025-11-09 12:34:13.697 - RealTimeSTT: realtimestt - DEBUG - Waiting for recording start
2025-11-09 12:34:22.083 - RealTimeSTT: realtimestt - INFO - voice activity detected
2025-11-09 12:34:22.083 - RealTimeSTT: realtimestt - INFO - recording started
2025-11-09 12:34:22.084 - RealTimeSTT: realtimestt - INFO - State changed from 'listening' to 'recording'
2025-11-09 12:34:22.084 - RealTimeSTT: realtimestt - DEBUG - Waiting for recording stop
2025-11-09 12:34:23.743 - RealTimeSTT: realtimestt - INFO - recording stopped
2025-11-09 12:34:23.743 - RealTimeSTT: realtimestt - DEBUG - No samples removed, final audio length: 43008
2025-11-09 12:34:23.743 - RealTimeSTT: realtimestt - INFO - State changed from 'recording' to 'inactive'
2025-11-09 12:34:23.819 - RealTimeSTT: realtimestt - INFO - State changed from 'inactive' to 'transcribing'
2025-11-09 12:34:23.821 - RealTimeSTT: realtimestt - DEBUG - Adding transcription request, no early transcription started
2025-11-09 12:34:23.830 - RealTimeSTT: realtimestt - DEBUG - Receive from parent_transcription_pipe after sendiung transcription request, transcribe_count: 1
2025-11-09 12:34:23.934 - RealTimeSTT: realtimestt - DEBUG - Receive from parent_transcription_pipe after sendiung transcription request, transcribe_count: 1
2025-11-09 12:34:24.046 - RealTimeSTT: realtimestt - DEBUG - Receive from parent_transcription_pipe after sendiung transcription request, transcribe_count: 1
2025-11-09 12:34:24.155 - RealTimeSTT: realtimestt - DEBUG - Receive from parent_transcription_pipe after sendiung transcription request, transcribe_count: 1
2025-11-09 12:34:24.265 - RealTimeSTT: realtimestt - DEBUG - Receive from parent_transcription_pipe after sendiung transcription request, transcribe_count: 1
2025-11-09 12:34:24.373 - RealTimeSTT: realtimestt - DEBUG - Receive from parent_transcription_pipe after sendiung transcription request, transcribe_count: 1
2025-11-09 12:34:24.379 - RealTimeSTT: realtimestt - INFO - State changed from 'transcribing' to 'inactive'
2025-11-09 12:34:24.428 - RealTimeSTT: realtimestt - DEBUG - Model tiny completed transcription in 0.61 seconds
2025-11-09 12:34:24.428 - RealTimeSTT: realtimestt - INFO - Setting listen time
2025-11-09 12:34:24.428 - RealTimeSTT: realtimestt - INFO - State changed from 'inactive' to 'listening'
2025-11-09 12:34:24.430 - RealTimeSTT: realtimestt - DEBUG - Waiting for recording start
2025-11-09 12:34:40.833 - RealTimeSTT: realtimestt - INFO - voice activity detected
2025-11-09 12:34:40.833 - RealTimeSTT: realtimestt - INFO - recording started
2025-11-09 12:34:40.833 - RealTimeSTT: realtimestt - INFO - State changed from 'listening' to 'recording'
2025-11-09 12:34:40.833 - RealTimeSTT: realtimestt - DEBUG - Waiting for recording stop
2025-11-09 12:34:41.983 - RealTimeSTT: realtimestt - INFO - recording stopped
2025-11-09 12:34:41.984 - RealTimeSTT: realtimestt - DEBUG - No samples removed, final audio length: 34816
2025-11-09 12:34:41.984 - RealTimeSTT: realtimestt - INFO - State changed from 'recording' to 'inactive'
2025-11-09 12:34:42.065 - RealTimeSTT: realtimestt - INFO - State changed from 'inactive' to 'transcribing'
2025-11-09 12:34:42.067 - RealTimeSTT: realtimestt - DEBUG - Adding transcription request, no early transcription started
2025-11-09 12:34:42.082 - RealTimeSTT: realtimestt - DEBUG - Receive from parent_transcription_pipe after sendiung transcription request, transcribe_count: 1
2025-11-09 12:34:42.185 - RealTimeSTT: realtimestt - DEBUG - Receive from parent_transcription_pipe after sendiung transcription request, transcribe_count: 1
2025-11-09 12:34:42.295 - RealTimeSTT: realtimestt - DEBUG - Receive from parent_transcription_pipe after sendiung transcription request, transcribe_count: 1
2025-11-09 12:34:42.403 - RealTimeSTT: realtimestt - DEBUG - Receive from parent_transcription_pipe after sendiung transcription request, transcribe_count: 1
2025-11-09 12:34:42.497 - RealTimeSTT: realtimestt - INFO - State changed from 'transcribing' to 'inactive'
2025-11-09 12:34:42.522 - RealTimeSTT: realtimestt - DEBUG - Model tiny completed transcription in 0.46 seconds
2025-11-09 12:34:42.523 - RealTimeSTT: realtimestt - INFO - Setting listen time
2025-11-09 12:34:42.523 - RealTimeSTT: realtimestt - INFO - State changed from 'inactive' to 'listening'
2025-11-09 12:34:42.524 - RealTimeSTT: realtimestt - DEBUG - Waiting for recording start
2025-11-09 12:34:48.323 - RealTimeSTT: realtimestt - INFO - voice activity detected
2025-11-09 12:34:48.323 - RealTimeSTT: realtimestt - INFO - recording started
2025-11-09 12:34:48.323 - RealTimeSTT: realtimestt - INFO - State changed from 'listening' to 'recording'
2025-11-09 12:34:48.323 - RealTimeSTT: realtimestt - DEBUG - Waiting for recording stop
2025-11-09 12:34:52.483 - RealTimeSTT: realtimestt - INFO - recording stopped
2025-11-09 12:34:52.483 - RealTimeSTT: realtimestt - DEBUG - No samples removed, final audio length: 82944
2025-11-09 12:34:52.484 - RealTimeSTT: realtimestt - INFO - State changed from 'recording' to 'inactive'
2025-11-09 12:34:52.554 - RealTimeSTT: realtimestt - INFO - State changed from 'inactive' to 'transcribing'
2025-11-09 12:34:52.555 - RealTimeSTT: realtimestt - DEBUG - Adding transcription request, no early transcription started
2025-11-09 12:34:52.556 - RealTimeSTT: realtimestt - DEBUG - Receive from parent_transcription_pipe after sendiung transcription request, transcribe_count: 1
2025-11-09 12:34:52.662 - RealTimeSTT: realtimestt - DEBUG - Receive from parent_transcription_pipe after sendiung transcription request, transcribe_count: 1
2025-11-09 12:34:52.771 - RealTimeSTT: realtimestt - DEBUG - Receive from parent_transcription_pipe after sendiung transcription request, transcribe_count: 1
2025-11-09 12:34:52.882 - RealTimeSTT: realtimestt - DEBUG - Receive from parent_transcription_pipe after sendiung transcription request, transcribe_count: 1
2025-11-09 12:34:52.992 - RealTimeSTT: realtimestt - DEBUG - Receive from parent_transcription_pipe after sendiung transcription request, transcribe_count: 1
2025-11-09 12:34:53.022 - RealTimeSTT: realtimestt - INFO - State changed from 'transcribing' to 'inactive'
2025-11-09 12:34:53.061 - RealTimeSTT: realtimestt - DEBUG - Model tiny completed transcription in 0.51 seconds
2025-11-09 12:34:53.061 - RealTimeSTT: realtimestt - INFO - Setting listen time
2025-11-09 12:34:53.061 - RealTimeSTT: realtimestt - INFO - State changed from 'inactive' to 'listening'
2025-11-09 12:34:53.063 - RealTimeSTT: realtimestt - DEBUG - Waiting for recording start
2025-11-09 12:35:04.383 - RealTimeSTT: realtimestt - INFO - voice activity detected
2025-11-09 12:35:04.383 - RealTimeSTT: realtimestt - INFO - recording started
2025-11-09 12:35:04.383 - RealTimeSTT: realtimestt - INFO - State changed from 'listening' to 'recording'
2025-11-09 12:35:04.383 - RealTimeSTT: realtimestt - DEBUG - Waiting for recording stop
2025-11-09 12:35:05.733 - RealTimeSTT: realtimestt - INFO - recording stopped
2025-11-09 12:35:05.733 - RealTimeSTT: realtimestt - DEBUG - No samples removed, final audio length: 37888
2025-11-09 12:35:05.733 - RealTimeSTT: realtimestt - INFO - State changed from 'recording' to 'inactive'
2025-11-09 12:35:05.789 - RealTimeSTT: realtimestt - INFO - State changed from 'inactive' to 'transcribing'
2025-11-09 12:35:05.790 - RealTimeSTT: realtimestt - DEBUG - Adding transcription request, no early transcription started
2025-11-09 12:35:05.796 - RealTimeSTT: realtimestt - DEBUG - Receive from parent_transcription_pipe after sendiung transcription request, transcribe_count: 1
2025-11-09 12:35:05.902 - RealTimeSTT: realtimestt - DEBUG - Receive from parent_transcription_pipe after sendiung transcription request, transcribe_count: 1
2025-11-09 12:35:06.012 - RealTimeSTT: realtimestt - DEBUG - Receive from parent_transcription_pipe after sendiung transcription request, transcribe_count: 1
2025-11-09 12:35:06.123 - RealTimeSTT: realtimestt - DEBUG - Receive from parent_transcription_pipe after sendiung transcription request, transcribe_count: 1
2025-11-09 12:35:06.229 - RealTimeSTT: realtimestt - INFO - State changed from 'transcribing' to 'inactive'
2025-11-09 12:35:06.245 - RealTimeSTT: realtimestt - DEBUG - Model tiny completed transcription in 0.45 seconds
2025-11-09 12:35:06.246 - RealTimeSTT: realtimestt - INFO - Setting listen time
2025-11-09 12:35:06.246 - RealTimeSTT: realtimestt - INFO - State changed from 'inactive' to 'listening'
2025-11-09 12:35:06.247 - RealTimeSTT: realtimestt - DEBUG - Waiting for recording start
2025-11-09 12:35:27.873 - RealTimeSTT: realtimestt - INFO - voice activity detected
2025-11-09 12:35:27.873 - RealTimeSTT: realtimestt - INFO - recording started
2025-11-09 12:35:27.873 - RealTimeSTT: realtimestt - INFO - State changed from 'listening' to 'recording'
2025-11-09 12:35:27.873 - RealTimeSTT: realtimestt - DEBUG - Waiting for recording stop
2025-11-09 12:35:31.392 - RealTimeSTT: realtimestt - INFO - recording stopped
2025-11-09 12:35:31.393 - RealTimeSTT: realtimestt - DEBUG - No samples removed, final audio length: 72704
2025-11-09 12:35:31.393 - RealTimeSTT: realtimestt - INFO - State changed from 'recording' to 'inactive'
2025-11-09 12:35:31.455 - RealTimeSTT: realtimestt - INFO - State changed from 'inactive' to 'transcribing'
2025-11-09 12:35:31.456 - RealTimeSTT: realtimestt - DEBUG - Adding transcription request, no early transcription started
2025-11-09 12:35:31.456 - RealTimeSTT: realtimestt - DEBUG - Receive from parent_transcription_pipe after sendiung transcription request, transcribe_count: 1
2025-11-09 12:35:31.567 - RealTimeSTT: realtimestt - DEBUG - Receive from parent_transcription_pipe after sendiung transcription request, transcribe_count: 1
2025-11-09 12:35:31.677 - RealTimeSTT: realtimestt - DEBUG - Receive from parent_transcription_pipe after sendiung transcription request, transcribe_count: 1
2025-11-09 12:35:31.786 - RealTimeSTT: realtimestt - DEBUG - Receive from parent_transcription_pipe after sendiung transcription request, transcribe_count: 1
2025-11-09 12:35:31.897 - RealTimeSTT: realtimestt - DEBUG - Receive from parent_transcription_pipe after sendiung transcription request, transcribe_count: 1
2025-11-09 12:35:31.906 - RealTimeSTT: realtimestt - INFO - State changed from 'transcribing' to 'inactive'
2025-11-09 12:35:31.912 - RealTimeSTT: realtimestt - DEBUG - Model tiny completed transcription in 0.46 seconds
2025-11-09 12:35:31.913 - RealTimeSTT: realtimestt - INFO - Setting listen time
2025-11-09 12:35:31.913 - RealTimeSTT: realtimestt - INFO - State changed from 'inactive' to 'listening'
2025-11-09 12:35:31.915 - RealTimeSTT: realtimestt - DEBUG - Waiting for recording start
2025-11-09 12:35:44.193 - RealTimeSTT: realtimestt - INFO - voice activity detected
2025-11-09 12:35:44.193 - RealTimeSTT: realtimestt - INFO - recording started
2025-11-09 12:35:44.193 - RealTimeSTT: realtimestt - INFO - State changed from 'listening' to 'recording'
2025-11-09 12:35:44.193 - RealTimeSTT: realtimestt - DEBUG - Waiting for recording stop
2025-11-09 12:35:46.113 - RealTimeSTT: realtimestt - INFO - recording stopped
2025-11-09 12:35:46.114 - RealTimeSTT: realtimestt - DEBUG - No samples removed, final audio length: 47104
2025-11-09 12:35:46.114 - RealTimeSTT: realtimestt - INFO - State changed from 'recording' to 'inactive'
2025-11-09 12:35:46.145 - RealTimeSTT: realtimestt - INFO - State changed from 'inactive' to 'transcribing'
2025-11-09 12:35:46.146 - RealTimeSTT: realtimestt - DEBUG - Adding transcription request, no early transcription started
2025-11-09 12:35:46.162 - RealTimeSTT: realtimestt - DEBUG - Receive from parent_transcription_pipe after sendiung transcription request, transcribe_count: 1
2025-11-09 12:35:46.268 - RealTimeSTT: realtimestt - DEBUG - Receive from parent_transcription_pipe after sendiung transcription request, transcribe_count: 1
2025-11-09 12:35:46.378 - RealTimeSTT: realtimestt - DEBUG - Receive from parent_transcription_pipe after sendiung transcription request, transcribe_count: 1
2025-11-09 12:35:46.487 - RealTimeSTT: realtimestt - DEBUG - Receive from parent_transcription_pipe after sendiung transcription request, transcribe_count: 1
2025-11-09 12:35:46.581 - RealTimeSTT: realtimestt - INFO - State changed from 'transcribing' to 'inactive'
2025-11-09 12:35:46.600 - RealTimeSTT: realtimestt - DEBUG - Model tiny completed transcription in 0.45 seconds
2025-11-09 12:35:46.601 - RealTimeSTT: realtimestt - INFO - Setting listen time
2025-11-09 12:35:46.601 - RealTimeSTT: realtimestt - INFO - State changed from 'inactive' to 'listening'
2025-11-09 12:35:46.603 - RealTimeSTT: realtimestt - DEBUG - Waiting for recording start
2025-11-09 12:36:01.983 - RealTimeSTT: realtimestt - INFO - voice activity detected
2025-11-09 12:36:01.983 - RealTimeSTT: realtimestt - INFO - recording started
2025-11-09 12:36:01.983 - RealTimeSTT: realtimestt - INFO - State changed from 'listening' to 'recording'
2025-11-09 12:36:01.983 - RealTimeSTT: realtimestt - DEBUG - Waiting for recording stop
2025-11-09 12:36:04.803 - RealTimeSTT: realtimestt - INFO - recording stopped
2025-11-09 12:36:04.804 - RealTimeSTT: realtimestt - DEBUG - No samples removed, final audio length: 61440
2025-11-09 12:36:04.804 - RealTimeSTT: realtimestt - INFO - State changed from 'recording' to 'inactive'
2025-11-09 12:36:04.846 - RealTimeSTT: realtimestt - INFO - State changed from 'inactive' to 'transcribing'
2025-11-09 12:36:04.847 - RealTimeSTT: realtimestt - DEBUG - Adding transcription request, no early transcription started
2025-11-09 12:36:04.864 - RealTimeSTT: realtimestt - DEBUG - Receive from parent_transcription_pipe after sendiung transcription request, transcribe_count: 1
2025-11-09 12:36:04.968 - RealTimeSTT: realtimestt - DEBUG - Receive from parent_transcription_pipe after sendiung transcription request, transcribe_count: 1
2025-11-09 12:36:05.076 - RealTimeSTT: realtimestt - DEBUG - Receive from parent_transcription_pipe after sendiung transcription request, transcribe_count: 1
2025-11-09 12:36:05.186 - RealTimeSTT: realtimestt - DEBUG - Receive from parent_transcription_pipe after sendiung transcription request, transcribe_count: 1
2025-11-09 12:36:05.295 - RealTimeSTT: realtimestt - DEBUG - Receive from parent_transcription_pipe after sendiung transcription request, transcribe_count: 1
2025-11-09 12:36:05.404 - RealTimeSTT: realtimestt - DEBUG - Receive from parent_transcription_pipe after sendiung transcription request, transcribe_count: 1
2025-11-09 12:36:05.451 - RealTimeSTT: realtimestt - INFO - State changed from 'transcribing' to 'inactive'
2025-11-09 12:36:05.454 - RealTimeSTT: realtimestt - DEBUG - Model tiny completed transcription in 0.61 seconds
2025-11-09 12:36:05.455 - RealTimeSTT: realtimestt - INFO - Setting listen time
2025-11-09 12:36:05.455 - RealTimeSTT: realtimestt - INFO - State changed from 'inactive' to 'listening'
2025-11-09 12:36:05.457 - RealTimeSTT: realtimestt - DEBUG - Waiting for recording start
2025-11-09 12:36:19.712 - RealTimeSTT: realtimestt - INFO - voice activity detected
2025-11-09 12:36:19.713 - RealTimeSTT: realtimestt - INFO - recording started
2025-11-09 12:36:19.713 - RealTimeSTT: realtimestt - INFO - State changed from 'listening' to 'recording'
2025-11-09 12:36:19.713 - RealTimeSTT: realtimestt - DEBUG - Waiting for recording stop
2025-11-09 12:36:21.632 - RealTimeSTT: realtimestt - INFO - recording stopped
2025-11-09 12:36:21.633 - RealTimeSTT: realtimestt - DEBUG - No samples removed, final audio length: 47104
2025-11-09 12:36:21.633 - RealTimeSTT: realtimestt - INFO - State changed from 'recording' to 'inactive'
2025-11-09 12:36:21.639 - RealTimeSTT: realtimestt - INFO - State changed from 'inactive' to 'transcribing'
2025-11-09 12:36:21.641 - RealTimeSTT: realtimestt - DEBUG - Adding transcription request, no early transcription started
2025-11-09 12:36:21.658 - RealTimeSTT: realtimestt - DEBUG - Receive from parent_transcription_pipe after sendiung transcription request, transcribe_count: 1
2025-11-09 12:36:21.762 - RealTimeSTT: realtimestt - DEBUG - Receive from parent_transcription_pipe after sendiung transcription request, transcribe_count: 1
2025-11-09 12:36:21.872 - RealTimeSTT: realtimestt - DEBUG - Receive from parent_transcription_pipe after sendiung transcription request, transcribe_count: 1
2025-11-09 12:36:21.980 - RealTimeSTT: realtimestt - DEBUG - Receive from parent_transcription_pipe after sendiung transcription request, transcribe_count: 1
2025-11-09 12:36:22.089 - RealTimeSTT: realtimestt - DEBUG - Receive from parent_transcription_pipe after sendiung transcription request, transcribe_count: 1
2025-11-09 12:36:22.197 - RealTimeSTT: realtimestt - DEBUG - Receive from parent_transcription_pipe after sendiung transcription request, transcribe_count: 1
2025-11-09 12:36:22.214 - RealTimeSTT: realtimestt - INFO - State changed from 'transcribing' to 'inactive'
2025-11-09 12:36:22.247 - RealTimeSTT: realtimestt - DEBUG - Model tiny completed transcription in 0.61 seconds
2025-11-09 12:36:22.247 - RealTimeSTT: realtimestt - INFO - Setting listen time
2025-11-09 12:36:22.247 - RealTimeSTT: realtimestt - INFO - State changed from 'inactive' to 'listening'
2025-11-09 12:36:22.249 - RealTimeSTT: realtimestt - DEBUG - Waiting for recording start
2025-11-09 12:39:08.791 - RealTimeSTT: realtimestt - INFO - Starting RealTimeSTT
2025-11-09 12:39:08.797 - RealTimeSTT: realtimestt - INFO - Initializing audio recording (creating pyAudio input stream, sample rate: 16000 buffer size: 512
2025-11-09 12:39:08.800 - RealTimeSTT: realtimestt - INFO - Initializing WebRTC voice with Sensitivity 3
2025-11-09 12:39:08.800 - RealTimeSTT: realtimestt - DEBUG - WebRTC VAD voice activity detection engine initialized successfully
2025-11-09 12:39:11.022 - RealTimeSTT: realtimestt - DEBUG - Silero VAD voice activity detection engine initialized successfully
2025-11-09 12:39:11.023 - RealTimeSTT: realtimestt - DEBUG - Starting realtime worker
2025-11-09 12:39:11.023 - RealTimeSTT: realtimestt - DEBUG - Waiting for main transcription model to start
2025-11-09 12:39:14.350 - RealTimeSTT: realtimestt - DEBUG - Main transcription model ready
2025-11-09 12:39:14.351 - RealTimeSTT: realtimestt - DEBUG - RealtimeSTT initialization completed successfully
2025-11-09 12:39:15.381 - RealTimeSTT: realtimestt - INFO - Setting listen time
2025-11-09 12:39:15.381 - RealTimeSTT: realtimestt - INFO - State changed from 'inactive' to 'listening'
2025-11-09 12:39:15.383 - RealTimeSTT: realtimestt - DEBUG - Waiting for recording start
2025-11-09 12:39:16.915 - RealTimeSTT: realtimestt - INFO - voice activity detected
2025-11-09 12:39:16.916 - RealTimeSTT: realtimestt - INFO - recording started
2025-11-09 12:39:16.916 - RealTimeSTT: realtimestt - INFO - State changed from 'listening' to 'recording'
2025-11-09 12:39:16.916 - RealTimeSTT: realtimestt - DEBUG - Waiting for recording stop
2025-11-09 12:39:18.325 - RealTimeSTT: realtimestt - INFO - recording stopped
2025-11-09 12:39:18.326 - RealTimeSTT: realtimestt - DEBUG - No samples removed, final audio length: 38912
2025-11-09 12:39:18.326 - RealTimeSTT: realtimestt - INFO - State changed from 'recording' to 'inactive'
2025-11-09 12:39:18.342 - RealTimeSTT: realtimestt - INFO - State changed from 'inactive' to 'transcribing'
2025-11-09 12:39:18.344 - RealTimeSTT: realtimestt - DEBUG - Adding transcription request, no early transcription started
2025-11-09 12:39:18.344 - RealTimeSTT: realtimestt - DEBUG - Receive from parent_transcription_pipe after sendiung transcription request, transcribe_count: 1
2025-11-09 12:39:18.448 - RealTimeSTT: realtimestt - DEBUG - Receive from parent_transcription_pipe after sendiung transcription request, transcribe_count: 1
2025-11-09 12:39:18.558 - RealTimeSTT: realtimestt - DEBUG - Receive from parent_transcription_pipe after sendiung transcription request, transcribe_count: 1
2025-11-09 12:39:18.668 - RealTimeSTT: realtimestt - DEBUG - Receive from parent_transcription_pipe after sendiung transcription request, transcribe_count: 1
2025-11-09 12:39:18.766 - RealTimeSTT: realtimestt - INFO - State changed from 'transcribing' to 'inactive'
2025-11-09 12:39:18.799 - RealTimeSTT: realtimestt - DEBUG - Model tiny completed transcription in 0.45 seconds
2025-11-09 12:39:18.799 - RealTimeSTT: realtimestt - INFO - Setting listen time
2025-11-09 12:39:18.799 - RealTimeSTT: realtimestt - INFO - State changed from 'inactive' to 'listening'
2025-11-09 12:39:18.800 - RealTimeSTT: realtimestt - DEBUG - Waiting for recording start
2025-11-09 12:39:29.266 - RealTimeSTT: realtimestt - INFO - voice activity detected
2025-11-09 12:39:29.266 - RealTimeSTT: realtimestt - INFO - recording started
2025-11-09 12:39:29.266 - RealTimeSTT: realtimestt - INFO - State changed from 'listening' to 'recording'
2025-11-09 12:39:29.266 - RealTimeSTT: realtimestt - DEBUG - Waiting for recording stop
2025-11-09 12:39:31.696 - RealTimeSTT: realtimestt - INFO - recording stopped
2025-11-09 12:39:31.697 - RealTimeSTT: realtimestt - DEBUG - No samples removed, final audio length: 55296
2025-11-09 12:39:31.697 - RealTimeSTT: realtimestt - INFO - State changed from 'recording' to 'inactive'
2025-11-09 12:39:31.797 - RealTimeSTT: realtimestt - INFO - State changed from 'inactive' to 'transcribing'
2025-11-09 12:39:31.798 - RealTimeSTT: realtimestt - DEBUG - Adding transcription request, no early transcription started
2025-11-09 12:39:31.814 - RealTimeSTT: realtimestt - DEBUG - Receive from parent_transcription_pipe after sendiung transcription request, transcribe_count: 1
2025-11-09 12:39:31.918 - RealTimeSTT: realtimestt - DEBUG - Receive from parent_transcription_pipe after sendiung transcription request, transcribe_count: 1
2025-11-09 12:39:32.028 - RealTimeSTT: realtimestt - DEBUG - Receive from parent_transcription_pipe after sendiung transcription request, transcribe_count: 1
2025-11-09 12:39:32.138 - RealTimeSTT: realtimestt - DEBUG - Receive from parent_transcription_pipe after sendiung transcription request, transcribe_count: 1
2025-11-09 12:39:32.248 - RealTimeSTT: realtimestt - DEBUG - Receive from parent_transcription_pipe after sendiung transcription request, transcribe_count: 1
2025-11-09 12:39:32.252 - RealTimeSTT: realtimestt - INFO - State changed from 'transcribing' to 'inactive'
2025-11-09 12:39:32.254 - RealTimeSTT: realtimestt - DEBUG - Model tiny completed transcription in 0.46 seconds
2025-11-09 12:39:32.254 - RealTimeSTT: realtimestt - INFO - Setting listen time
2025-11-09 12:39:32.254 - RealTimeSTT: realtimestt - INFO - State changed from 'inactive' to 'listening'
2025-11-09 12:39:32.256 - RealTimeSTT: realtimestt - DEBUG - Waiting for recording start
2025-11-09 12:39:38.735 - RealTimeSTT: realtimestt - INFO - voice activity detected
2025-11-09 12:39:38.735 - RealTimeSTT: realtimestt - INFO - recording started
2025-11-09 12:39:38.736 - RealTimeSTT: realtimestt - INFO - State changed from 'listening' to 'recording'
2025-11-09 12:39:38.736 - RealTimeSTT: realtimestt - DEBUG - Waiting for recording stop
2025-11-09 12:39:41.745 - RealTimeSTT: realtimestt - INFO - recording stopped
2025-11-09 12:39:41.746 - RealTimeSTT: realtimestt - DEBUG - No samples removed, final audio length: 64512
2025-11-09 12:39:41.746 - RealTimeSTT: realtimestt - INFO - State changed from 'recording' to 'inactive'
2025-11-09 12:39:41.781 - RealTimeSTT: realtimestt - INFO - State changed from 'inactive' to 'transcribing'
2025-11-09 12:39:41.782 - RealTimeSTT: realtimestt - DEBUG - Adding transcription request, no early transcription started
2025-11-09 12:39:41.782 - RealTimeSTT: realtimestt - DEBUG - Receive from parent_transcription_pipe after sendiung transcription request, transcribe_count: 1
2025-11-09 12:39:41.887 - RealTimeSTT: realtimestt - DEBUG - Receive from parent_transcription_pipe after sendiung transcription request, transcribe_count: 1
2025-11-09 12:39:41.998 - RealTimeSTT: realtimestt - DEBUG - Receive from parent_transcription_pipe after sendiung transcription request, transcribe_count: 1
2025-11-09 12:39:42.106 - RealTimeSTT: realtimestt - DEBUG - Receive from parent_transcription_pipe after sendiung transcription request, transcribe_count: 1
2025-11-09 12:39:42.217 - RealTimeSTT: realtimestt - DEBUG - Receive from parent_transcription_pipe after sendiung transcription request, transcribe_count: 1
2025-11-09 12:39:42.252 - RealTimeSTT: realtimestt - INFO - State changed from 'transcribing' to 'inactive'
2025-11-09 12:39:42.286 - RealTimeSTT: realtimestt - DEBUG - Model tiny completed transcription in 0.50 seconds
2025-11-09 12:39:42.287 - RealTimeSTT: realtimestt - INFO - Setting listen time
2025-11-09 12:39:42.287 - RealTimeSTT: realtimestt - INFO - State changed from 'inactive' to 'listening'
2025-11-09 12:39:42.288 - RealTimeSTT: realtimestt - DEBUG - Waiting for recording start
2025-11-09 12:39:44.565 - RealTimeSTT: realtimestt - INFO - voice activity detected
2025-11-09 12:39:44.566 - RealTimeSTT: realtimestt - INFO - recording started
2025-11-09 12:39:44.566 - RealTimeSTT: realtimestt - INFO - State changed from 'listening' to 'recording'
2025-11-09 12:39:44.566 - RealTimeSTT: realtimestt - DEBUG - Waiting for recording stop
2025-11-09 12:39:46.226 - RealTimeSTT: realtimestt - INFO - recording stopped
2025-11-09 12:39:46.226 - RealTimeSTT: realtimestt - DEBUG - No samples removed, final audio length: 43008
2025-11-09 12:39:46.226 - RealTimeSTT: realtimestt - INFO - State changed from 'recording' to 'inactive'
2025-11-09 12:39:46.299 - RealTimeSTT: realtimestt - INFO - State changed from 'inactive' to 'transcribing'
2025-11-09 12:39:46.300 - RealTimeSTT: realtimestt - DEBUG - Adding transcription request, no early transcription started
2025-11-09 12:39:46.307 - RealTimeSTT: realtimestt - DEBUG - Receive from parent_transcription_pipe after sendiung transcription request, transcribe_count: 1
2025-11-09 12:39:46.413 - RealTimeSTT: realtimestt - DEBUG - Receive from parent_transcription_pipe after sendiung transcription request, transcribe_count: 1
2025-11-09 12:39:46.524 - RealTimeSTT: realtimestt - DEBUG - Receive from parent_transcription_pipe after sendiung transcription request, transcribe_count: 1
2025-11-09 12:39:46.633 - RealTimeSTT: realtimestt - DEBUG - Receive from parent_transcription_pipe after sendiung transcription request, transcribe_count: 1
2025-11-09 12:39:46.730 - RealTimeSTT: realtimestt - INFO - State changed from 'transcribing' to 'inactive'
2025-11-09 12:39:46.755 - RealTimeSTT: realtimestt - DEBUG - Model tiny completed transcription in 0.45 seconds
2025-11-09 12:39:46.756 - RealTimeSTT: realtimestt - INFO - Setting listen time
2025-11-09 12:39:46.756 - RealTimeSTT: realtimestt - INFO - State changed from 'inactive' to 'listening'
2025-11-09 12:39:46.757 - RealTimeSTT: realtimestt - DEBUG - Waiting for recording start
2025-11-09 12:40:12.405 - RealTimeSTT: realtimestt - INFO - voice activity detected
2025-11-09 12:40:12.405 - RealTimeSTT: realtimestt - INFO - recording started
2025-11-09 12:40:12.405 - RealTimeSTT: realtimestt - INFO - State changed from 'listening' to 'recording'
2025-11-09 12:40:12.406 - RealTimeSTT: realtimestt - DEBUG - Waiting for recording stop
2025-11-09 12:40:13.555 - RealTimeSTT: realtimestt - INFO - recording stopped
2025-11-09 12:40:13.556 - RealTimeSTT: realtimestt - DEBUG - No samples removed, final audio length: 34816
2025-11-09 12:40:13.556 - RealTimeSTT: realtimestt - INFO - State changed from 'recording' to 'inactive'
2025-11-09 12:40:13.558 - RealTimeSTT: realtimestt - INFO - State changed from 'inactive' to 'transcribing'
2025-11-09 12:40:13.560 - RealTimeSTT: realtimestt - DEBUG - Adding transcription request, no early transcription started
2025-11-09 12:40:13.578 - RealTimeSTT: realtimestt - DEBUG - Receive from parent_transcription_pipe after sendiung transcription request, transcribe_count: 1
2025-11-09 12:40:13.681 - RealTimeSTT: realtimestt - DEBUG - Receive from parent_transcription_pipe after sendiung transcription request, transcribe_count: 1
2025-11-09 12:40:13.789 - RealTimeSTT: realtimestt - DEBUG - Receive from parent_transcription_pipe after sendiung transcription request, transcribe_count: 1
2025-11-09 12:40:13.898 - RealTimeSTT: realtimestt - DEBUG - Receive from parent_transcription_pipe after sendiung transcription request, transcribe_count: 1
2025-11-09 12:40:14.008 - RealTimeSTT: realtimestt - DEBUG - Receive from parent_transcription_pipe after sendiung transcription request, transcribe_count: 1
2025-11-09 12:40:14.021 - RealTimeSTT: realtimestt - INFO - State changed from 'transcribing' to 'inactive'
2025-11-09 12:40:14.067 - RealTimeSTT: realtimestt - DEBUG - Model tiny completed transcription in 0.51 seconds
2025-11-09 12:40:14.067 - RealTimeSTT: realtimestt - INFO - Setting listen time
2025-11-09 12:40:14.067 - RealTimeSTT: realtimestt - INFO - State changed from 'inactive' to 'listening'
2025-11-09 12:40:14.068 - RealTimeSTT: realtimestt - DEBUG - Waiting for recording start
2025-11-09 12:40:17.005 - RealTimeSTT: realtimestt - INFO - voice activity detected
2025-11-09 12:40:17.006 - RealTimeSTT: realtimestt - INFO - recording started
2025-11-09 12:40:17.006 - RealTimeSTT: realtimestt - INFO - State changed from 'listening' to 'recording'
2025-11-09 12:40:17.006 - RealTimeSTT: realtimestt - DEBUG - Waiting for recording stop
2025-11-09 12:40:18.996 - RealTimeSTT: realtimestt - INFO - recording stopped
2025-11-09 12:40:18.996 - RealTimeSTT: realtimestt - DEBUG - No samples removed, final audio length: 48128
2025-11-09 12:40:18.996 - RealTimeSTT: realtimestt - INFO - State changed from 'recording' to 'inactive'
2025-11-09 12:40:19.082 - RealTimeSTT: realtimestt - INFO - State changed from 'inactive' to 'transcribing'
2025-11-09 12:40:19.083 - RealTimeSTT: realtimestt - DEBUG - Adding transcription request, no early transcription started
2025-11-09 12:40:19.083 - RealTimeSTT: realtimestt - DEBUG - Receive from parent_transcription_pipe after sendiung transcription request, transcribe_count: 1
2025-11-09 12:40:19.193 - RealTimeSTT: realtimestt - DEBUG - Receive from parent_transcription_pipe after sendiung transcription request, transcribe_count: 1
2025-11-09 12:40:19.303 - RealTimeSTT: realtimestt - DEBUG - Receive from parent_transcription_pipe after sendiung transcription request, transcribe_count: 1
2025-11-09 12:40:19.413 - RealTimeSTT: realtimestt - DEBUG - Receive from parent_transcription_pipe after sendiung transcription request, transcribe_count: 1
2025-11-09 12:40:19.524 - RealTimeSTT: realtimestt - DEBUG - Receive from parent_transcription_pipe after sendiung transcription request, transcribe_count: 1
2025-11-09 12:40:19.527 - RealTimeSTT: realtimestt - INFO - State changed from 'transcribing' to 'inactive'
2025-11-09 12:40:19.538 - RealTimeSTT: realtimestt - DEBUG - Model tiny completed transcription in 0.45 seconds
2025-11-09 12:40:19.538 - RealTimeSTT: realtimestt - INFO - Setting listen time
2025-11-09 12:40:19.538 - RealTimeSTT: realtimestt - INFO - State changed from 'inactive' to 'listening'
2025-11-09 12:40:19.540 - RealTimeSTT: realtimestt - DEBUG - Waiting for recording start
2025-11-09 12:40:32.365 - RealTimeSTT: realtimestt - INFO - voice activity detected
2025-11-09 12:40:32.365 - RealTimeSTT: realtimestt - INFO - recording started
2025-11-09 12:40:32.365 - RealTimeSTT: realtimestt - INFO - State changed from 'listening' to 'recording'
2025-11-09 12:40:32.366 - RealTimeSTT: realtimestt - DEBUG - Waiting for recording stop
2025-11-09 12:40:33.526 - RealTimeSTT: realtimestt - INFO - recording stopped
2025-11-09 12:40:33.526 - RealTimeSTT: realtimestt - DEBUG - No samples removed, final audio length: 34816
2025-11-09 12:40:33.526 - RealTimeSTT: realtimestt - INFO - State changed from 'recording' to 'inactive'
2025-11-09 12:40:33.567 - RealTimeSTT: realtimestt - INFO - State changed from 'inactive' to 'transcribing'
2025-11-09 12:40:33.568 - RealTimeSTT: realtimestt - DEBUG - Adding transcription request, no early transcription started
2025-11-09 12:40:33.568 - RealTimeSTT: realtimestt - DEBUG - Receive from parent_transcription_pipe after sendiung transcription request, transcribe_count: 1
2025-11-09 12:40:33.669 - RealTimeSTT: realtimestt - DEBUG - Receive from parent_transcription_pipe after sendiung transcription request, transcribe_count: 1
2025-11-09 12:40:33.780 - RealTimeSTT: realtimestt - DEBUG - Receive from parent_transcription_pipe after sendiung transcription request, transcribe_count: 1
2025-11-09 12:40:33.889 - RealTimeSTT: realtimestt - DEBUG - Receive from parent_transcription_pipe after sendiung transcription request, transcribe_count: 1
2025-11-09 12:40:33.999 - RealTimeSTT: realtimestt - DEBUG - Receive from parent_transcription_pipe after sendiung transcription request, transcribe_count: 1
2025-11-09 12:40:34.035 - RealTimeSTT: realtimestt - INFO - State changed from 'transcribing' to 'inactive'
2025-11-09 12:40:34.074 - RealTimeSTT: realtimestt - DEBUG - Model tiny completed transcription in 0.51 seconds
2025-11-09 12:40:34.075 - RealTimeSTT: realtimestt - INFO - Setting listen time
2025-11-09 12:40:34.075 - RealTimeSTT: realtimestt - INFO - State changed from 'inactive' to 'listening'
2025-11-09 12:40:34.076 - RealTimeSTT: realtimestt - DEBUG - Waiting for recording start
2025-11-09 12:40:35.506 - RealTimeSTT: realtimestt - INFO - voice activity detected
2025-11-09 12:40:35.506 - RealTimeSTT: realtimestt - INFO - recording started
2025-11-09 12:40:35.506 - RealTimeSTT: realtimestt - INFO - State changed from 'listening' to 'recording'
2025-11-09 12:40:35.506 - RealTimeSTT: realtimestt - DEBUG - Waiting for recording stop
2025-11-09 12:40:36.655 - RealTimeSTT: realtimestt - INFO - recording stopped
2025-11-09 12:40:36.656 - RealTimeSTT: realtimestt - DEBUG - No samples removed, final audio length: 34816
2025-11-09 12:40:36.656 - RealTimeSTT: realtimestt - INFO - State changed from 'recording' to 'inactive'
2025-11-09 12:40:36.683 - RealTimeSTT: realtimestt - INFO - State changed from 'inactive' to 'transcribing'
2025-11-09 12:40:36.685 - RealTimeSTT: realtimestt - DEBUG - Adding transcription request, no early transcription started
2025-11-09 12:40:36.702 - RealTimeSTT: realtimestt - DEBUG - Receive from parent_transcription_pipe after sendiung transcription request, transcribe_count: 1
2025-11-09 12:40:36.806 - RealTimeSTT: realtimestt - DEBUG - Receive from parent_transcription_pipe after sendiung transcription request, transcribe_count: 1
2025-11-09 12:40:36.914 - RealTimeSTT: realtimestt - DEBUG - Receive from parent_transcription_pipe after sendiung transcription request, transcribe_count: 1
2025-11-09 12:40:37.022 - RealTimeSTT: realtimestt - DEBUG - Receive from parent_transcription_pipe after sendiung transcription request, transcribe_count: 1
2025-11-09 12:40:37.114 - RealTimeSTT: realtimestt - INFO - State changed from 'transcribing' to 'inactive'
2025-11-09 12:40:37.140 - RealTimeSTT: realtimestt - DEBUG - Model tiny completed transcription in 0.45 seconds
2025-11-09 12:40:37.140 - RealTimeSTT: realtimestt - INFO - Setting listen time
2025-11-09 12:40:37.140 - RealTimeSTT: realtimestt - INFO - State changed from 'inactive' to 'listening'
2025-11-09 12:40:37.141 - RealTimeSTT: realtimestt - DEBUG - Waiting for recording start
2025-11-09 12:40:41.396 - RealTimeSTT: realtimestt - INFO - voice activity detected
2025-11-09 12:40:41.396 - RealTimeSTT: realtimestt - INFO - recording started
2025-11-09 12:40:41.396 - RealTimeSTT: realtimestt - INFO - State changed from 'listening' to 'recording'
2025-11-09 12:40:41.396 - RealTimeSTT: realtimestt - DEBUG - Waiting for recording stop
2025-11-09 12:40:43.375 - RealTimeSTT: realtimestt - INFO - recording stopped
2025-11-09 12:40:43.376 - RealTimeSTT: realtimestt - DEBUG - No samples removed, final audio length: 48128
2025-11-09 12:40:43.376 - RealTimeSTT: realtimestt - INFO - State changed from 'recording' to 'inactive'
2025-11-09 12:40:43.410 - RealTimeSTT: realtimestt - INFO - State changed from 'inactive' to 'transcribing'
2025-11-09 12:40:43.411 - RealTimeSTT: realtimestt - DEBUG - Adding transcription request, no early transcription started
2025-11-09 12:40:43.431 - RealTimeSTT: realtimestt - DEBUG - Receive from parent_transcription_pipe after sendiung transcription request, transcribe_count: 1
2025-11-09 12:40:43.536 - RealTimeSTT: realtimestt - DEBUG - Receive from parent_transcription_pipe after sendiung transcription request, transcribe_count: 1
2025-11-09 12:40:43.645 - RealTimeSTT: realtimestt - DEBUG - Receive from parent_transcription_pipe after sendiung transcription request, transcribe_count: 1
2025-11-09 12:40:43.754 - RealTimeSTT: realtimestt - DEBUG - Receive from parent_transcription_pipe after sendiung transcription request, transcribe_count: 1
2025-11-09 12:40:43.846 - RealTimeSTT: realtimestt - INFO - State changed from 'transcribing' to 'inactive'
2025-11-09 12:40:43.867 - RealTimeSTT: realtimestt - DEBUG - Model tiny completed transcription in 0.46 seconds
2025-11-09 12:40:43.868 - RealTimeSTT: realtimestt - INFO - Setting listen time
2025-11-09 12:40:43.868 - RealTimeSTT: realtimestt - INFO - State changed from 'inactive' to 'listening'
2025-11-09 12:40:43.869 - RealTimeSTT: realtimestt - DEBUG - Waiting for recording start
